#
# A fatal error has been detected by the Java Runtime Environment:
#
#  SIGSEGV (0xb) at pc=0x00007f5c9fbc6e1c, pid=1898, tid=140035753940736
#
# JRE version: 6.0_32-b32
# Java VM: OpenJDK 64-Bit Server VM (23.25-b01 mixed mode linux-amd64 compressed oops)
# Derivative: IcedTea6 1.13.4
# Distribution: Ubuntu 12.04 LTS, package 6b32-1.13.4-4ubuntu0.12.04.2
# Problematic frame:
# V  [libjvm.so+0x73fe1c]  oopDesc* PSPromotionManager::copy_to_survivor_space<false>(oopDesc*)+0x46c
#
# Failed to write core dump. Core dumps have been disabled. To enable core dumping, try "ulimit -c unlimited" before starting Java again
#
# If you would like to submit a bug report, please include
# instructions how to reproduce the bug and visit:
#   https://bugs.launchpad.net/ubuntu/+source/openjdk-6/
#

---------------  T H R E A D  ---------------

Current thread (0x00007f5c9801b000):  GCTaskThread [stack: 0x00007f5c9d4e9000,0x00007f5c9d5ea000] [id=1942]

siginfo:si_signo=SIGSEGV: si_errno=0, si_code=1 (SEGV_MAPERR), si_addr=0x00000000000000d0

Registers:
RAX=0x0000000000000000, RBX=0x00000000ebbee668, RCX=0x0000000000000000, RDX=0x00000000c6769f88
RSP=0x00007f5c9d5e8bc0, RBP=0x00007f5c9d5e8c30, RSI=0x00007f5c980919a0, RDI=0x00000000bf908b34
R8 =0x0000000000000001, R9 =0x00007f5ca0105bea, R10=0x0000000000002000, R11=0x00007f5ca04c2d10
R12=0x00000000c6769f88, R13=0x0000000000000001, R14=0x00007f5c980919a0, R15=0x00000000000000ae
RIP=0x00007f5c9fbc6e1c, EFLAGS=0x0000000000010213, CSGSFS=0x0000000000000033, ERR=0x0000000000000004
  TRAPNO=0x000000000000000e

Top of Stack: (sp=0x00007f5c9d5e8bc0)
0x00007f5c9d5e8bc0:   00000000fb2d66c0 00007f5c980919d0
0x00007f5c9d5e8bd0:   00007f5ca0105bea 0000000000000501
0x00007f5c9d5e8be0:   00000000fff72b08 0000000000001000
0x00007f5c9d5e8bf0:   00000000c6769f88 0000000000000400
0x00007f5c9d5e8c00:   0000000000000000 00007f5c980919a0
0x00007f5c9d5e8c10:   00000000c6767b44 00007f5ca00ea580
0x00007f5c9d5e8c20:   0000000000000000 00007f5c98091a20
0x00007f5c9d5e8c30:   00007f5c9d5e8cc0 00007f5c9fbc6888
0x00007f5c9d5e8c40:   00007f5c9d5e8cf0 00007f5c98091a10
0x00007f5c9d5e8c50:   00007f5ca00ddc08 00007f5ca0b12e18
0x00007f5c9d5e8c60:   0000000000000000 00000000b5e1e4e8
0x00007f5c9d5e8c70:   00007f5c9d5e8cc0 00007f5c9f966c06
0x00007f5c9d5e8c80:   00000000c0942910 00000000c3b98f44
0x00007f5c9d5e8c90:   00007f5c9d5e8cc0 00007f5c980126e0
0x00007f5c9d5e8ca0:   00007f5c9da05cc8 00007f5c9da05cc8
0x00007f5c9d5e8cb0:   00000000c3b98f48 0000000000000240
0x00007f5c9d5e8cc0:   00007f5c9d5e8d70 00007f5c9f7a8aa5
0x00007f5c9d5e8cd0:   00007f5ca0109b28 0000000000000200
0x00007f5c9d5e8ce0:   00007f5c980126e0 0000000000000000
0x00007f5c9d5e8cf0:   00000000c3b98f48 00000000c52bfa90
0x00007f5c9d5e8d00:   00007f5c9da05e00 00000000c3b98f48
0x00007f5c9d5e8d10:   00007f5c9da115fe 00007f5c9da05c00
0x00007f5c9d5e8d20:   00007f5c980919a0 00007f5c9da05cc8
0x00007f5c9d5e8d30:   00007f5ca0105bea 00007f5c98012420
0x00007f5c9d5e8d40:   0000000000000002 00007f5c980919a0
0x00007f5c9d5e8d50:   00007f5c98020f20 0000000000000000
0x00007f5c9d5e8d60:   00007f5c98020f20 0000000000000001
0x00007f5c9d5e8d70:   00007f5c9d5e8da0 00007f5c9fbc98d3
0x00007f5c9d5e8d80:   00007f5c00000004 0000000000000000
0x00007f5c9d5e8d90:   00007f5c9801b000 00007f5ca0105a02
0x00007f5c9d5e8da0:   00007f5c9d5e8e80 00007f5c9f909de9
0x00007f5c9d5e8db0:   00007f5c9801c640 00007f5c9801b8b8 

Instructions: (pc=0x00007f5c9fbc6e1c)
0x00007f5c9fbc6dfc:   49 8b 44 24 08 81 78 18 ff ff ff bf 0f 87 fd fc
0x00007f5c9fbc6e0c:   ff ff 48 8d 78 10 48 8b 40 10 4c 89 e2 4c 89 f6
0x00007f5c9fbc6e1c:   ff 90 d0 00 00 00 e9 e4 fc ff ff 66 0f 1f 84 00
0x00007f5c9fbc6e2c:   00 00 00 00 48 8b 15 69 e3 50 00 41 8b 44 24 08 

Register to memory mapping:

RAX=0x0000000000000000 is an unknown value
RBX=0x00000000ebbee668 is an oop
[J 
 - klass: {type array long}
 - length: 172
RCX=0x0000000000000000 is an unknown value
RDX=
[error occurred during error reporting (printing register info), id 0xb]

Stack: [0x00007f5c9d4e9000,0x00007f5c9d5ea000],  sp=0x00007f5c9d5e8bc0,  free space=1022k
Native frames: (J=compiled Java code, j=interpreted, Vv=VM code, C=native code)
V  [libjvm.so+0x73fe1c]  oopDesc* PSPromotionManager::copy_to_survivor_space<false>(oopDesc*)+0x46c
V  [libjvm.so+0x73f888]  PSPromotionManager::drain_stacks_depth(bool)+0x638
V  [libjvm.so+0x321aa5]  CardTableExtension::scavenge_contents_parallel(ObjectStartArray*, MutableSpace*, HeapWord*, PSPromotionManager*, unsigned int, unsigned int)+0xb15
V  [libjvm.so+0x7428d3]  OldToYoungRootsTask::do_it(GCTaskManager*, unsigned int)+0x53
V  [libjvm.so+0x482de9]  GCTaskThread::run()+0x139
V  [libjvm.so+0x6dfc82]  java_start(Thread*)+0x132


---------------  P R O C E S S  ---------------

Java Threads: ( => current thread )
  0x00007f5c980fa800 JavaThread "Low Memory Detector" daemon [_thread_blocked, id=1975, stack(0x00007f5c941b0000,0x00007f5c942b1000)]
  0x00007f5c980f8800 JavaThread "C2 CompilerThread1" daemon [_thread_blocked, id=1974, stack(0x00007f5c942b1000,0x00007f5c943b2000)]
  0x00007f5c980f5800 JavaThread "C2 CompilerThread0" daemon [_thread_blocked, id=1968, stack(0x00007f5c943b2000,0x00007f5c944b3000)]
  0x00007f5c980f3000 JavaThread "Signal Dispatcher" daemon [_thread_blocked, id=1967, stack(0x00007f5c944b3000,0x00007f5c945b4000)]
  0x00007f5c980a4800 JavaThread "Finalizer" daemon [_thread_blocked, id=1957, stack(0x00007f5c945b4000,0x00007f5c946b5000)]
  0x00007f5c980a2800 JavaThread "Reference Handler" daemon [_thread_blocked, id=1956, stack(0x00007f5c946b5000,0x00007f5c947b6000)]
  0x00007f5c98009800 JavaThread "main" [_thread_blocked, id=1936, stack(0x00007f5ca0e27000,0x00007f5ca0f28000)]

Other Threads:
  0x00007f5c98093800 VMThread [stack: 0x00007f5c947b6000,0x00007f5c948b7000] [id=1955]
  0x00007f5c98105000 WatcherThread [stack: 0x00007f5c940af000,0x00007f5c941b0000] [id=1976]

=>0x00007f5c9801b000 (exited) GCTaskThread [stack: 0x00007f5c9d4e9000,0x00007f5c9d5ea000] [id=1942]

VM state:at safepoint (normal execution)

VM Mutex/Monitor currently owned by a thread:  ([mutex/lock_event])
[0x00007f5c98005bb0] Threads_lock - owner thread: 0x00007f5c98093800
[0x00007f5c980060b0] Heap_lock - owner thread: 0x00007f5c98009800

Heap
 PSYoungGen      total 278464K, used 274077K [0x00000000eaab0000, 0x0000000100000000, 0x0000000100000000)
  eden space 242688K, 100% used [0x00000000eaab0000,0x00000000f97b0000,0x00000000f97b0000)
  from space 35776K, 87% used [0x00000000f97b0000,0x00000000fb657478,0x00000000fbaa0000)
  to   space 56000K, 99% used [0x00000000fc950000,0x00000000ffffab08,0x0000000100000000)
 ParOldGen       total 158400K, used 123156K [0x00000000c0000000, 0x00000000c9ab0000, 0x00000000eaab0000)
  object space 158400K, 77% used [0x00000000c0000000,0x00000000c7845230,0x00000000c9ab0000)
 PSPermGen       total 21248K, used 5591K [0x00000000b5a00000, 0x00000000b6ec0000, 0x00000000c0000000)
  object space 21248K, 26% used [0x00000000b5a00000,0x00000000b5f75de8,0x00000000b6ec0000)

Card table byte_map: [0x00007f5c9d995000,0x00007f5c9dbe9000] byte_map_base: 0x00007f5c9d3e8000

Polling page: 0x00007f5ca0f43000

Code Cache  [0x00007f5c95000000, 0x00007f5c95320000, 0x00007f5c98000000)
 total_blobs=972 nmethods=770 adapters=155 free_code_cache=46146Kb largest_free_block=47063424

Compilation events (10 events):
Event: 19.629 Thread 0x00007f5c980f8800  788             com.android.dx.ssa.DomFront::run (264 bytes)
Event: 19.629 Thread 0x00007f5c980f5800  789             com.android.dx.ssa.back.LivenessAnalyzer::constructInterferenceGraph (47 bytes)
Event: 19.638 Thread 0x00007f5c980f5800 nmethod 789 0x00007f5c951d6990 code [0x00007f5c951d6b40, 0x00007f5c951d70c8]
Event: 19.639 Thread 0x00007f5c980f5800  790   !         com.android.dx.cf.code.BytecodeArray::parseInstruction (2764 bytes)
Event: 19.656 Thread 0x00007f5c980f8800 nmethod 788 0x00007f5c9526c590 code [0x00007f5c9526c7e0, 0x00007f5c9526d800]
Event: 19.684 Thread 0x00007f5c980f8800  791             com.android.dx.rop.code.RegisterSpecList::getType (12 bytes)
Event: 19.686 Thread 0x00007f5c980f8800 nmethod 791 0x00007f5c951cff10 code [0x00007f5c951d0060, 0x00007f5c951d0158]
Event: 20.025 Thread 0x00007f5c980f5800 nmethod 790 0x00007f5c9530be90 code [0x00007f5c9530d9c0, 0x00007f5c95314f78]
Event: 20.168 Thread 0x00007f5c980f8800  792             com.android.dx.ssa.back.InterferenceGraph::<init> (42 bytes)
Event: 20.182 Thread 0x00007f5c980f8800 nmethod 792 0x00007f5c952667d0 code [0x00007f5c95266980, 0x00007f5c95267418]

GC Heap History (10 events):
Event: 14.637 GC heap after
Heap after GC invocations=6 (full 0):
 PSYoungGen      total 140992K, used 14912K [0x00000000eaab0000, 0x00000000f4950000, 0x0000000100000000)
  eden space 125504K, 0% used [0x00000000eaab0000,0x00000000eaab0000,0x00000000f2540000)
  from space 15488K, 96% used [0x00000000f3650000,0x00000000f44e0000,0x00000000f4570000)
  to   space 17472K, 0% used [0x00000000f2540000,0x00000000f2540000,0x00000000f3650000)
 ParOldGen       total 84736K, used 22629K [0x00000000c0000000, 0x00000000c52c0000, 0x00000000eaab0000)
  object space 84736K, 26% used [0x00000000c0000000,0x00000000c1619450,0x00000000c52c0000)
 PSPermGen       total 21248K, used 5500K [0x00000000b5a00000, 0x00000000b6ec0000, 0x00000000c0000000)
  object space 21248K, 25% used [0x00000000b5a00000,0x00000000b5f5f050,0x00000000b6ec0000)
}
Event: 15.953 GC heap before
{Heap before GC invocations=7 (full 0):
 PSYoungGen      total 140992K, used 140416K [0x00000000eaab0000, 0x00000000f4950000, 0x0000000100000000)
  eden space 125504K, 100% used [0x00000000eaab0000,0x00000000f2540000,0x00000000f2540000)
  from space 15488K, 96% used [0x00000000f3650000,0x00000000f44e0000,0x00000000f4570000)
  to   space 17472K, 0% used [0x00000000f2540000,0x00000000f2540000,0x00000000f3650000)
 ParOldGen       total 84736K, used 22629K [0x00000000c0000000, 0x00000000c52c0000, 0x00000000eaab0000)
  object space 84736K, 26% used [0x00000000c0000000,0x00000000c1619450,0x00000000c52c0000)
 PSPermGen       total 21248K, used 5553K [0x00000000b5a00000, 0x00000000b6ec0000, 0x00000000c0000000)
  object space 21248K, 26% used [0x00000000b5a00000,0x00000000b5f6c778,0x00000000b6ec0000)
Event: 16.026 GC heap after
Heap after GC invocations=7 (full 0):
 PSYoungGen      total 142976K, used 17472K [0x00000000eaab0000, 0x00000000fd570000, 0x0000000100000000)
  eden space 125504K, 0% used [0x00000000eaab0000,0x00000000eaab0000,0x00000000f2540000)
  from space 17472K, 100% used [0x00000000f2540000,0x00000000f3650000,0x00000000f3650000)
  to   space 27456K, 0% used [0x00000000fbaa0000,0x00000000fbaa0000,0x00000000fd570000)
 ParOldGen       total 84736K, used 37626K [0x00000000c0000000, 0x00000000c52c0000, 0x00000000eaab0000)
  object space 84736K, 44% used [0x00000000c0000000,0x00000000c24be9f0,0x00000000c52c0000)
 PSPermGen       total 21248K, used 5553K [0x00000000b5a00000, 0x00000000b6ec0000, 0x00000000c0000000)
  object space 21248K, 26% used [0x00000000b5a00000,0x00000000b5f6c778,0x00000000b6ec0000)
}
Event: 16.852 GC heap before
{Heap before GC invocations=8 (full 0):
 PSYoungGen      total 142976K, used 142976K [0x00000000eaab0000, 0x00000000fd570000, 0x0000000100000000)
  eden space 125504K, 100% used [0x00000000eaab0000,0x00000000f2540000,0x00000000f2540000)
  from space 17472K, 100% used [0x00000000f2540000,0x00000000f3650000,0x00000000f3650000)
  to   space 27456K, 0% used [0x00000000fbaa0000,0x00000000fbaa0000,0x00000000fd570000)
 ParOldGen       total 84736K, used 37626K [0x00000000c0000000, 0x00000000c52c0000, 0x00000000eaab0000)
  object space 84736K, 44% used [0x00000000c0000000,0x00000000c24be9f0,0x00000000c52c0000)
 PSPermGen       total 21248K, used 5569K [0x00000000b5a00000, 0x00000000b6ec0000, 0x00000000c0000000)
  object space 21248K, 26% used [0x00000000b5a00000,0x00000000b5f705f0,0x00000000b6ec0000)
Event: 16.910 GC heap after
Heap after GC invocations=8 (full 0):
 PSYoungGen      total 270144K, used 27433K [0x00000000eaab0000, 0x00000000fe5b0000, 0x0000000100000000)
  eden space 242688K, 0% used [0x00000000eaab0000,0x00000000eaab0000,0x00000000f97b0000)
  from space 27456K, 99% used [0x00000000fbaa0000,0x00000000fd56a748,0x00000000fd570000)
  to   space 35776K, 0% used [0x00000000f97b0000,0x00000000f97b0000,0x00000000fbaa0000)
 ParOldGen       total 84736K, used 46577K [0x00000000c0000000, 0x00000000c52c0000, 0x00000000eaab0000)
  object space 84736K, 54% used [0x00000000c0000000,0x00000000c2d7c458,0x00000000c52c0000)
 PSPermGen       total 21248K, used 5569K [0x00000000b5a00000, 0x00000000b6ec0000, 0x00000000c0000000)
  object space 21248K, 26% used [0x00000000b5a00000,0x00000000b5f705f0,0x00000000b6ec0000)
}
Event: 18.306 GC heap before
{Heap before GC invocations=9 (full 0):
 PSYoungGen      total 270144K, used 270121K [0x00000000eaab0000, 0x00000000fe5b0000, 0x0000000100000000)
  eden space 242688K, 100% used [0x00000000eaab0000,0x00000000f97b0000,0x00000000f97b0000)
  from space 27456K, 99% used [0x00000000fbaa0000,0x00000000fd56a748,0x00000000fd570000)
  to   space 35776K, 0% used [0x00000000f97b0000,0x00000000f97b0000,0x00000000fbaa0000)
 ParOldGen       total 84736K, used 46577K [0x00000000c0000000, 0x00000000c52c0000, 0x00000000eaab0000)
  object space 84736K, 54% used [0x00000000c0000000,0x00000000c2d7c458,0x00000000c52c0000)
 PSPermGen       total 21248K, used 5585K [0x00000000b5a00000, 0x00000000b6ec0000, 0x00000000c0000000)
  object space 21248K, 26% used [0x00000000b5a00000,0x00000000b5f74588,0x00000000b6ec0000)
Event: 18.402 GC heap after
Heap after GC invocations=9 (full 0):
 PSYoungGen      total 278464K, used 35771K [0x00000000eaab0000, 0x0000000100000000, 0x0000000100000000)
  eden space 242688K, 0% used [0x00000000eaab0000,0x00000000eaab0000,0x00000000f97b0000)
  from space 35776K, 99% used [0x00000000f97b0000,0x00000000fba9edf8,0x00000000fbaa0000)
  to   space 56000K, 0% used [0x00000000fc950000,0x00000000fc950000,0x0000000100000000)
 ParOldGen       total 84736K, used 82516K [0x00000000c0000000, 0x00000000c52c0000, 0x00000000eaab0000)
  object space 84736K, 97% used [0x00000000c0000000,0x00000000c5095178,0x00000000c52c0000)
 PSPermGen       total 21248K, used 5585K [0x00000000b5a00000, 0x00000000b6ec0000, 0x00000000c0000000)
  object space 21248K, 26% used [0x00000000b5a00000,0x00000000b5f74588,0x00000000b6ec0000)
}
Event: 18.425 GC heap before
{Heap before GC invocations=10 (full 1):
 PSYoungGen      total 278464K, used 35771K [0x00000000eaab0000, 0x0000000100000000, 0x0000000100000000)
  eden space 242688K, 0% used [0x00000000eaab0000,0x00000000eaab0000,0x00000000f97b0000)
  from space 35776K, 99% used [0x00000000f97b0000,0x00000000fba9edf8,0x00000000fbaa0000)
  to   space 56000K, 0% used [0x00000000fc950000,0x00000000fc950000,0x0000000100000000)
 ParOldGen       total 84736K, used 82516K [0x00000000c0000000, 0x00000000c52c0000, 0x00000000eaab0000)
  object space 84736K, 97% used [0x00000000c0000000,0x00000000c5095178,0x00000000c52c0000)
 PSPermGen       total 21248K, used 5585K [0x00000000b5a00000, 0x00000000b6ec0000, 0x00000000c0000000)
  object space 21248K, 26% used [0x00000000b5a00000,0x00000000b5f74588,0x00000000b6ec0000)
Event: 19.331 GC heap after
Heap after GC invocations=10 (full 1):
 PSYoungGen      total 278464K, used 31389K [0x00000000eaab0000, 0x0000000100000000, 0x0000000100000000)
  eden space 242688K, 0% used [0x00000000eaab0000,0x00000000eaab0000,0x00000000f97b0000)
  from space 35776K, 87% used [0x00000000f97b0000,0x00000000fb657478,0x00000000fbaa0000)
  to   space 56000K, 0% used [0x00000000fc950000,0x00000000fc950000,0x0000000100000000)
 ParOldGen       total 158400K, used 84734K [0x00000000c0000000, 0x00000000c9ab0000, 0x00000000eaab0000)
  object space 158400K, 53% used [0x00000000c0000000,0x00000000c52bfa90,0x00000000c9ab0000)
 PSPermGen       total 21248K, used 5580K [0x00000000b5a00000, 0x00000000b6ec0000, 0x00000000c0000000)
  object space 21248K, 26% used [0x00000000b5a00000,0x00000000b5f730a0,0x00000000b6ec0000)
}
Event: 20.405 GC heap before
{Heap before GC invocations=11 (full 1):
 PSYoungGen      total 278464K, used 274077K [0x00000000eaab0000, 0x0000000100000000, 0x0000000100000000)
  eden space 242688K, 100% used [0x00000000eaab0000,0x00000000f97b0000,0x00000000f97b0000)
  from space 35776K, 87% used [0x00000000f97b0000,0x00000000fb657478,0x00000000fbaa0000)
  to   space 56000K, 0% used [0x00000000fc950000,0x00000000fc950000,0x0000000100000000)
 ParOldGen       total 158400K, used 84734K [0x00000000c0000000, 0x00000000c9ab0000, 0x00000000eaab0000)
  object space 158400K, 53% used [0x00000000c0000000,0x00000000c52bfa90,0x00000000c9ab0000)
 PSPermGen       total 21248K, used 5591K [0x00000000b5a00000, 0x00000000b6ec0000, 0x00000000c0000000)
  object space 21248K, 26% used [0x00000000b5a00000,0x00000000b5f75de8,0x00000000b6ec0000)

Deoptimization events (10 events):
Event: 19.559 Thread 0x00007f5c98009800 Uncommon trap -34 fr.pc 0x00007f5c951df450
Event: 19.559 Thread 0x00007f5c98009800 Uncommon trap -34 fr.pc 0x00007f5c951ebc94
Event: 19.564 Thread 0x00007f5c98009800 Uncommon trap -34 fr.pc 0x00007f5c951df450
Event: 19.564 Thread 0x00007f5c98009800 Uncommon trap -34 fr.pc 0x00007f5c951ebc94
Event: 19.564 Thread 0x00007f5c98009800 Uncommon trap -34 fr.pc 0x00007f5c951ec398
Event: 19.634 Thread 0x00007f5c98009800 Uncommon trap -58 fr.pc 0x00007f5c952ce2b4
Event: 19.635 Thread 0x00007f5c98009800 Uncommon trap -58 fr.pc 0x00007f5c952ce2b4
Event: 19.972 Thread 0x00007f5c98009800 Uncommon trap -34 fr.pc 0x00007f5c952739f8
Event: 20.069 Thread 0x00007f5c98009800 Uncommon trap -122 fr.pc 0x00007f5c95179a54
Event: 20.104 Thread 0x00007f5c98009800 Uncommon trap -34 fr.pc 0x00007f5c9517ea4c

Internal exceptions (10 events):
Event: 10.678 Thread 0x00007f5c98009800 Implicit null exception at 0x00007f5c950f5a92 to 0x00007f5c950f5b89
Event: 11.946 Thread 0x00007f5c98009800 Implicit null exception at 0x00007f5c9519b5d7 to 0x00007f5c9519b9e1
Event: 12.179 Thread 0x00007f5c98009800 Implicit null exception at 0x00007f5c95204d61 to 0x00007f5c952093e1
Event: 12.569 Thread 0x00007f5c98009800 Implicit null exception at 0x00007f5c95218fe4 to 0x00007f5c9521be1d
Event: 13.354 Thread 0x00007f5c98009800 Implicit null exception at 0x00007f5c951d582d to 0x00007f5c951d60fd
Event: 14.152 Thread 0x00007f5c98009800 Implicit null exception at 0x00007f5c95264c1c to 0x00007f5c95266ad5
Event: 15.543 Thread 0x00007f5c98009800 Threw 0x00000000eec471b8 at /build/buildd/openjdk-6-6b32-1.13.4/build/openjdk/hotspot/src/share/vm/classfile/systemDictionary.cpp:1
Event: 15.543 Thread 0x00007f5c98009800 Threw 0x00000000eec47518 at /build/buildd/openjdk-6-6b32-1.13.4/build/openjdk/hotspot/src/share/vm/prims/jvm.cpp:1235
Event: 19.403 Thread 0x00007f5c98009800 Threw 0x00000000ee799838 at /build/buildd/openjdk-6-6b32-1.13.4/build/openjdk/hotspot/src/share/vm/classfile/systemDictionary.cpp:1
Event: 19.403 Thread 0x00007f5c98009800 Threw 0x00000000ee799b80 at /build/buildd/openjdk-6-6b32-1.13.4/build/openjdk/hotspot/src/share/vm/prims/jvm.cpp:1235

Events (10 events):
Event: 19.634 Thread 0x00007f5c98009800 DEOPT UNPACKING pc=0x00007f5c95039145 sp=0x00007f5ca0f25e70 mode 2
Event: 19.635 Thread 0x00007f5c98009800 DEOPT PACKING pc=0x00007f5c952ce2b4 sp=0x00007f5ca0f25dd0
Event: 19.635 Thread 0x00007f5c98009800 DEOPT UNPACKING pc=0x00007f5c95039145 sp=0x00007f5ca0f25da0 mode 2
Event: 19.973 Thread 0x00007f5c98009800 DEOPT PACKING pc=0x00007f5c952739f8 sp=0x00007f5ca0f26060
Event: 19.973 Thread 0x00007f5c98009800 DEOPT UNPACKING pc=0x00007f5c95039145 sp=0x00007f5ca0f26008 mode 2
Event: 20.069 Thread 0x00007f5c98009800 DEOPT PACKING pc=0x00007f5c95179a54 sp=0x00007f5ca0f25f30
Event: 20.069 Thread 0x00007f5c98009800 DEOPT UNPACKING pc=0x00007f5c95039145 sp=0x00007f5ca0f25f28 mode 2
Event: 20.104 Thread 0x00007f5c98009800 DEOPT PACKING pc=0x00007f5c9517ea4c sp=0x00007f5ca0f25f20
Event: 20.104 Thread 0x00007f5c98009800 DEOPT UNPACKING pc=0x00007f5c95039145 sp=0x00007f5ca0f25d78 mode 2
Event: 20.405 Executing VM operation: ParallelGCFailedAllocation


Dynamic libraries:
00400000-00409000 r-xp 00000000 08:06 12323204                           /usr/lib/jvm/java-6-openjdk-amd64/jre/bin/java
00608000-00609000 r--p 00008000 08:06 12323204                           /usr/lib/jvm/java-6-openjdk-amd64/jre/bin/java
00609000-0060a000 rw-p 00009000 08:06 12323204                           /usr/lib/jvm/java-6-openjdk-amd64/jre/bin/java
01a10000-01a31000 rw-p 00000000 00:00 0                                  [heap]
b5a00000-b6ec0000 rw-p 00000000 00:00 0 
b6ec0000-c0000000 rw-p 00000000 00:00 0 
c0000000-c9ab0000 rw-p 00000000 00:00 0 
c9ab0000-eaab0000 rw-p 00000000 00:00 0 
eaab0000-100000000 rw-p 00000000 00:00 0 
7f5c58000000-7f5c58021000 rw-p 00000000 00:00 0 
7f5c58021000-7f5c5c000000 ---p 00000000 00:00 0 
7f5c60000000-7f5c61724000 rw-p 00000000 00:00 0 
7f5c61724000-7f5c64000000 ---p 00000000 00:00 0 
7f5c64000000-7f5c64021000 rw-p 00000000 00:00 0 
7f5c64021000-7f5c68000000 ---p 00000000 00:00 0 
7f5c68000000-7f5c68021000 rw-p 00000000 00:00 0 
7f5c68021000-7f5c6c000000 ---p 00000000 00:00 0 
7f5c6c000000-7f5c6edd0000 rw-p 00000000 00:00 0 
7f5c6edd0000-7f5c70000000 ---p 00000000 00:00 0 
7f5c70000000-7f5c70021000 rw-p 00000000 00:00 0 
7f5c70021000-7f5c74000000 ---p 00000000 00:00 0 
7f5c74000000-7f5c74021000 rw-p 00000000 00:00 0 
7f5c74021000-7f5c78000000 ---p 00000000 00:00 0 
7f5c78000000-7f5c78021000 rw-p 00000000 00:00 0 
7f5c78021000-7f5c7c000000 ---p 00000000 00:00 0 
7f5c7c000000-7f5c7c021000 rw-p 00000000 00:00 0 
7f5c7c021000-7f5c80000000 ---p 00000000 00:00 0 
7f5c80000000-7f5c8020c000 rw-p 00000000 00:00 0 
7f5c8020c000-7f5c84000000 ---p 00000000 00:00 0 
7f5c88000000-7f5c88021000 rw-p 00000000 00:00 0 
7f5c88021000-7f5c8c000000 ---p 00000000 00:00 0 
7f5c8d3eb000-7f5c8dad0000 r--p 00000000 08:06 6035881                    /usr/lib/locale/locale-archive
7f5c8dad0000-7f5c90000000 rw-p 00000000 00:00 0 
7f5c90000000-7f5c90021000 rw-p 00000000 00:00 0 
7f5c90021000-7f5c94000000 ---p 00000000 00:00 0 
7f5c940af000-7f5c940b0000 ---p 00000000 00:00 0 
7f5c940b0000-7f5c941b0000 rw-p 00000000 00:00 0 
7f5c941b0000-7f5c941b3000 ---p 00000000 00:00 0 
7f5c941b3000-7f5c942b1000 rw-p 00000000 00:00 0 
7f5c942b1000-7f5c942b4000 ---p 00000000 00:00 0 
7f5c942b4000-7f5c943b2000 rw-p 00000000 00:00 0 
7f5c943b2000-7f5c943b5000 ---p 00000000 00:00 0 
7f5c943b5000-7f5c944b3000 rw-p 00000000 00:00 0 
7f5c944b3000-7f5c944b6000 ---p 00000000 00:00 0 
7f5c944b6000-7f5c945b4000 rw-p 00000000 00:00 0 
7f5c945b4000-7f5c945b7000 ---p 00000000 00:00 0 
7f5c945b7000-7f5c946b5000 rw-p 00000000 00:00 0 
7f5c946b5000-7f5c946b8000 ---p 00000000 00:00 0 
7f5c946b8000-7f5c947b6000 rw-p 00000000 00:00 0 
7f5c947b6000-7f5c947b7000 ---p 00000000 00:00 0 
7f5c947b7000-7f5c95000000 rw-p 00000000 00:00 0 
7f5c95000000-7f5c95320000 rwxp 00000000 00:00 0 
7f5c95320000-7f5c98246000 rw-p 00000000 00:00 0 
7f5c98246000-7f5c9c000000 ---p 00000000 00:00 0 
7f5c9c01c000-7f5c9c040000 r--s 0014b000 08:06 6828569                    /home/martin-yeh/AndroidStudioProjects/ChurchStat/app/build/intermediates/exploded-aar/com.google.android.gms/play-services/4.2.42/classes.jar
7f5c9c040000-7f5c9c8de000 rw-p 00000000 00:00 0 
7f5c9c8de000-7f5c9ca74000 r--s 01a15000 08:06 12323175                   /usr/lib/jvm/java-6-openjdk-amd64/jre/lib/rt.jar
7f5c9ca74000-7f5c9d3e8000 rw-p 00000000 00:00 0 
7f5c9d3e8000-7f5c9d3e9000 ---p 00000000 00:00 0 
7f5c9d3e9000-7f5c9d4e9000 rw-p 00000000 00:00 0 
7f5c9d4e9000-7f5c9d4ea000 ---p 00000000 00:00 0 
7f5c9d4ea000-7f5c9d5ea000 rw-p 00000000 00:00 0 
7f5c9d5ea000-7f5c9d5eb000 ---p 00000000 00:00 0 
7f5c9d5eb000-7f5c9d6eb000 rw-p 00000000 00:00 0 
7f5c9d6eb000-7f5c9d6ec000 ---p 00000000 00:00 0 
7f5c9d6ec000-7f5c9d7f7000 rw-p 00000000 00:00 0 
7f5c9d7f7000-7f5c9d83f000 rw-p 00000000 00:00 0 
7f5c9d83f000-7f5c9d88d000 rw-p 00000000 00:00 0 
7f5c9d88d000-7f5c9d995000 rw-p 00000000 00:00 0 
7f5c9d995000-7f5c9d9a0000 rw-p 00000000 00:00 0 
7f5c9d9a0000-7f5c9d9e8000 rw-p 00000000 00:00 0 
7f5c9d9e8000-7f5c9da36000 rw-p 00000000 00:00 0 
7f5c9da36000-7f5c9db3d000 rw-p 00000000 00:00 0 
7f5c9db3d000-7f5c9dbe8000 rw-p 00000000 00:00 0 
7f5c9dbe8000-7f5c9dbe9000 rw-p 00000000 00:00 0 
7f5c9dbe9000-7f5c9dbf0000 r-xp 00000000 08:06 12323160                   /usr/lib/jvm/java-6-openjdk-amd64/jre/lib/amd64/libzip.so
7f5c9dbf0000-7f5c9ddef000 ---p 00007000 08:06 12323160                   /usr/lib/jvm/java-6-openjdk-amd64/jre/lib/amd64/libzip.so
7f5c9ddef000-7f5c9ddf0000 r--p 00006000 08:06 12323160                   /usr/lib/jvm/java-6-openjdk-amd64/jre/lib/amd64/libzip.so
7f5c9ddf0000-7f5c9ddf1000 rw-p 00007000 08:06 12323160                   /usr/lib/jvm/java-6-openjdk-amd64/jre/lib/amd64/libzip.so
7f5c9ddf1000-7f5c9ddfd000 r-xp 00000000 08:06 8913829                    /lib/x86_64-linux-gnu/libnss_files-2.15.so
7f5c9ddfd000-7f5c9dffc000 ---p 0000c000 08:06 8913829                    /lib/x86_64-linux-gnu/libnss_files-2.15.so
7f5c9dffc000-7f5c9dffd000 r--p 0000b000 08:06 8913829                    /lib/x86_64-linux-gnu/libnss_files-2.15.so
7f5c9dffd000-7f5c9dffe000 rw-p 0000c000 08:06 8913829                    /lib/x86_64-linux-gnu/libnss_files-2.15.so
7f5c9dffe000-7f5c9e008000 r-xp 00000000 08:06 8913833                    /lib/x86_64-linux-gnu/libnss_nis-2.15.so
7f5c9e008000-7f5c9e208000 ---p 0000a000 08:06 8913833                    /lib/x86_64-linux-gnu/libnss_nis-2.15.so
7f5c9e208000-7f5c9e209000 r--p 0000a000 08:06 8913833                    /lib/x86_64-linux-gnu/libnss_nis-2.15.so
7f5c9e209000-7f5c9e20a000 rw-p 0000b000 08:06 8913833                    /lib/x86_64-linux-gnu/libnss_nis-2.15.so
7f5c9e20a000-7f5c9e221000 r-xp 00000000 08:06 8914643                    /lib/x86_64-linux-gnu/libnsl-2.15.so
7f5c9e221000-7f5c9e420000 ---p 00017000 08:06 8914643                    /lib/x86_64-linux-gnu/libnsl-2.15.so
7f5c9e420000-7f5c9e421000 r--p 00016000 08:06 8914643                    /lib/x86_64-linux-gnu/libnsl-2.15.so
7f5c9e421000-7f5c9e422000 rw-p 00017000 08:06 8914643                    /lib/x86_64-linux-gnu/libnsl-2.15.so
7f5c9e422000-7f5c9e424000 rw-p 00000000 00:00 0 
7f5c9e424000-7f5c9e42c000 r-xp 00000000 08:06 8913826                    /lib/x86_64-linux-gnu/libnss_compat-2.15.so
7f5c9e42c000-7f5c9e62b000 ---p 00008000 08:06 8913826                    /lib/x86_64-linux-gnu/libnss_compat-2.15.so
7f5c9e62b000-7f5c9e62c000 r--p 00007000 08:06 8913826                    /lib/x86_64-linux-gnu/libnss_compat-2.15.so
7f5c9e62c000-7f5c9e62d000 rw-p 00008000 08:06 8913826                    /lib/x86_64-linux-gnu/libnss_compat-2.15.so
7f5c9e62d000-7f5c9e65a000 r-xp 00000000 08:06 12323137                   /usr/lib/jvm/java-6-openjdk-amd64/jre/lib/amd64/libjava.so
7f5c9e65a000-7f5c9e859000 ---p 0002d000 08:06 12323137                   /usr/lib/jvm/java-6-openjdk-amd64/jre/lib/amd64/libjava.so
7f5c9e859000-7f5c9e85a000 r--p 0002c000 08:06 12323137                   /usr/lib/jvm/java-6-openjdk-amd64/jre/lib/amd64/libjava.so
7f5c9e85a000-7f5c9e85d000 rw-p 0002d000 08:06 12323137                   /usr/lib/jvm/java-6-openjdk-amd64/jre/lib/amd64/libjava.so
7f5c9e85d000-7f5c9e86b000 r-xp 00000000 08:06 12323155                   /usr/lib/jvm/java-6-openjdk-amd64/jre/lib/amd64/libverify.so
7f5c9e86b000-7f5c9ea6a000 ---p 0000e000 08:06 12323155                   /usr/lib/jvm/java-6-openjdk-amd64/jre/lib/amd64/libverify.so
7f5c9ea6a000-7f5c9ea6c000 r--p 0000d000 08:06 12323155                   /usr/lib/jvm/java-6-openjdk-amd64/jre/lib/amd64/libverify.so
7f5c9ea6c000-7f5c9ea6d000 rw-p 0000f000 08:06 12323155                   /usr/lib/jvm/java-6-openjdk-amd64/jre/lib/amd64/libverify.so
7f5c9ea6d000-7f5c9ea74000 r-xp 00000000 08:06 8913832                    /lib/x86_64-linux-gnu/librt-2.15.so
7f5c9ea74000-7f5c9ec73000 ---p 00007000 08:06 8913832                    /lib/x86_64-linux-gnu/librt-2.15.so
7f5c9ec73000-7f5c9ec74000 r--p 00006000 08:06 8913832                    /lib/x86_64-linux-gnu/librt-2.15.so
7f5c9ec74000-7f5c9ec75000 rw-p 00007000 08:06 8913832                    /lib/x86_64-linux-gnu/librt-2.15.so
7f5c9ec75000-7f5c9ec8a000 r-xp 00000000 08:06 8916575                    /lib/x86_64-linux-gnu/libgcc_s.so.1
7f5c9ec8a000-7f5c9ee89000 ---p 00015000 08:06 8916575                    /lib/x86_64-linux-gnu/libgcc_s.so.1
7f5c9ee89000-7f5c9ee8a000 r--p 00014000 08:06 8916575                    /lib/x86_64-linux-gnu/libgcc_s.so.1
7f5c9ee8a000-7f5c9ee8b000 rw-p 00015000 08:06 8916575                    /lib/x86_64-linux-gnu/libgcc_s.so.1
7f5c9ee8b000-7f5c9ef86000 r-xp 00000000 08:06 8914632                    /lib/x86_64-linux-gnu/libm-2.15.so
7f5c9ef86000-7f5c9f185000 ---p 000fb000 08:06 8914632                    /lib/x86_64-linux-gnu/libm-2.15.so
7f5c9f185000-7f5c9f186000 r--p 000fa000 08:06 8914632                    /lib/x86_64-linux-gnu/libm-2.15.so
7f5c9f186000-7f5c9f187000 rw-p 000fb000 08:06 8914632                    /lib/x86_64-linux-gnu/libm-2.15.so
7f5c9f187000-7f5c9f269000 r-xp 00000000 08:06 6037022                    /usr/lib/x86_64-linux-gnu/libstdc++.so.6.0.16
7f5c9f269000-7f5c9f468000 ---p 000e2000 08:06 6037022                    /usr/lib/x86_64-linux-gnu/libstdc++.so.6.0.16
7f5c9f468000-7f5c9f470000 r--p 000e1000 08:06 6037022                    /usr/lib/x86_64-linux-gnu/libstdc++.so.6.0.16
7f5c9f470000-7f5c9f472000 rw-p 000e9000 08:06 6037022                    /usr/lib/x86_64-linux-gnu/libstdc++.so.6.0.16
7f5c9f472000-7f5c9f487000 rw-p 00000000 00:00 0 
7f5c9f487000-7f5c9fe5d000 r-xp 00000000 08:06 12323142                   /usr/lib/jvm/java-6-openjdk-amd64/jre/lib/amd64/server/libjvm.so
7f5c9fe5d000-7f5ca005c000 ---p 009d6000 08:06 12323142                   /usr/lib/jvm/java-6-openjdk-amd64/jre/lib/amd64/server/libjvm.so
7f5ca005c000-7f5ca00db000 r--p 009d5000 08:06 12323142                   /usr/lib/jvm/java-6-openjdk-amd64/jre/lib/amd64/server/libjvm.so
7f5ca00db000-7f5ca00fe000 rw-p 00a54000 08:06 12323142                   /usr/lib/jvm/java-6-openjdk-amd64/jre/lib/amd64/server/libjvm.so
7f5ca00fe000-7f5ca0128000 rw-p 00000000 00:00 0 
7f5ca0128000-7f5ca013e000 r-xp 00000000 08:06 8916665                    /lib/x86_64-linux-gnu/libz.so.1.2.3.4
7f5ca013e000-7f5ca033d000 ---p 00016000 08:06 8916665                    /lib/x86_64-linux-gnu/libz.so.1.2.3.4
7f5ca033d000-7f5ca033e000 r--p 00015000 08:06 8916665                    /lib/x86_64-linux-gnu/libz.so.1.2.3.4
7f5ca033e000-7f5ca033f000 rw-p 00016000 08:06 8916665                    /lib/x86_64-linux-gnu/libz.so.1.2.3.4
7f5ca033f000-7f5ca04f4000 r-xp 00000000 08:06 8913824                    /lib/x86_64-linux-gnu/libc-2.15.so
7f5ca04f4000-7f5ca06f3000 ---p 001b5000 08:06 8913824                    /lib/x86_64-linux-gnu/libc-2.15.so
7f5ca06f3000-7f5ca06f7000 r--p 001b4000 08:06 8913824                    /lib/x86_64-linux-gnu/libc-2.15.so
7f5ca06f7000-7f5ca06f9000 rw-p 001b8000 08:06 8913824                    /lib/x86_64-linux-gnu/libc-2.15.so
7f5ca06f9000-7f5ca06fe000 rw-p 00000000 00:00 0 
7f5ca06fe000-7f5ca0700000 r-xp 00000000 08:06 8914638                    /lib/x86_64-linux-gnu/libdl-2.15.so
7f5ca0700000-7f5ca0900000 ---p 00002000 08:06 8914638                    /lib/x86_64-linux-gnu/libdl-2.15.so
7f5ca0900000-7f5ca0901000 r--p 00002000 08:06 8914638                    /lib/x86_64-linux-gnu/libdl-2.15.so
7f5ca0901000-7f5ca0902000 rw-p 00003000 08:06 8914638                    /lib/x86_64-linux-gnu/libdl-2.15.so
7f5ca0902000-7f5ca0906000 r-xp 00000000 08:06 12323146                   /usr/lib/jvm/java-6-openjdk-amd64/jre/lib/amd64/jli/libjli.so
7f5ca0906000-7f5ca0b05000 ---p 00004000 08:06 12323146                   /usr/lib/jvm/java-6-openjdk-amd64/jre/lib/amd64/jli/libjli.so
7f5ca0b05000-7f5ca0b06000 r--p 00003000 08:06 12323146                   /usr/lib/jvm/java-6-openjdk-amd64/jre/lib/amd64/jli/libjli.so
7f5ca0b06000-7f5ca0b07000 rw-p 00004000 08:06 12323146                   /usr/lib/jvm/java-6-openjdk-amd64/jre/lib/amd64/jli/libjli.so
7f5ca0b07000-7f5ca0b1f000 r-xp 00000000 08:06 8914628                    /lib/x86_64-linux-gnu/libpthread-2.15.so
7f5ca0b1f000-7f5ca0d1e000 ---p 00018000 08:06 8914628                    /lib/x86_64-linux-gnu/libpthread-2.15.so
7f5ca0d1e000-7f5ca0d1f000 r--p 00017000 08:06 8914628                    /lib/x86_64-linux-gnu/libpthread-2.15.so
7f5ca0d1f000-7f5ca0d20000 rw-p 00018000 08:06 8914628                    /lib/x86_64-linux-gnu/libpthread-2.15.so
7f5ca0d20000-7f5ca0d24000 rw-p 00000000 00:00 0 
7f5ca0d24000-7f5ca0d46000 r-xp 00000000 08:06 8914634                    /lib/x86_64-linux-gnu/ld-2.15.so
7f5ca0d51000-7f5ca0d55000 r--s 0003c000 08:06 12322565                   /usr/lib/jvm/java-6-openjdk-common/jre/lib/jsse.jar
7f5ca0d55000-7f5ca0d56000 r--s 00007000 08:06 6301576                    /usr/share/java/java-atk-wrapper.jar
7f5ca0d56000-7f5ca0d59000 r--s 00077000 08:06 12322572                   /usr/lib/jvm/java-6-openjdk-common/jre/lib/ext/localedata.jar
7f5ca0d59000-7f5ca0d67000 r--s 000b4000 08:06 7218419                    /home/martin-yeh/android/sdks/android-sdk-linux/build-tools/20.0.0/lib/dx.jar
7f5ca0d67000-7f5ca0d74000 rw-p 00000000 00:00 0 
7f5ca0d74000-7f5ca0e27000 rw-p 00000000 00:00 0 
7f5ca0e27000-7f5ca0e2a000 ---p 00000000 00:00 0 
7f5ca0e2a000-7f5ca0f2d000 rw-p 00000000 00:00 0 
7f5ca0f2e000-7f5ca0f2f000 rw-p 00000000 00:00 0 
7f5ca0f2f000-7f5ca0f32000 r--s 00031000 08:06 12322573                   /usr/lib/jvm/java-6-openjdk-common/jre/lib/ext/sunjce_provider.jar
7f5ca0f32000-7f5ca0f36000 r--s 00039000 08:06 12322574                   /usr/lib/jvm/java-6-openjdk-common/jre/lib/ext/sunpkcs11.jar
7f5ca0f36000-7f5ca0f38000 r--s 00001000 08:06 12322570                   /usr/lib/jvm/java-6-openjdk-common/jre/lib/ext/dnsns.jar
7f5ca0f38000-7f5ca0f3a000 r--s 0000f000 08:06 12322571                   /usr/lib/jvm/java-6-openjdk-common/jre/lib/ext/pulse-java.jar
7f5ca0f3a000-7f5ca0f42000 rw-s 00000000 08:06 262424                     /tmp/hsperfdata_martin-yeh/1898
7f5ca0f42000-7f5ca0f43000 rw-p 00000000 00:00 0 
7f5ca0f43000-7f5ca0f44000 ---p 00000000 00:00 0 
7f5ca0f44000-7f5ca0f46000 rw-p 00000000 00:00 0 
7f5ca0f46000-7f5ca0f47000 r--p 00022000 08:06 8914634                    /lib/x86_64-linux-gnu/ld-2.15.so
7f5ca0f47000-7f5ca0f49000 rw-p 00023000 08:06 8914634                    /lib/x86_64-linux-gnu/ld-2.15.so
7fffadada000-7fffadb10000 rw-p 00000000 00:00 0                          [stack]
7fffadbff000-7fffadc00000 r-xp 00000000 00:00 0                          [vdso]
ffffffffff600000-ffffffffff601000 r-xp 00000000 00:00 0                  [vsyscall]

VM Arguments:
jvm_args: -Xmx1024M 
java_command: /home/martin-yeh/android/sdks/android-sdk-linux/build-tools/20.0.0/lib/dx.jar --dex --output /home/martin-yeh/AndroidStudioProjects/ChurchStat/app/build/intermediates/pre-dexed/debug/classes-a718624994b00bcf407598f7cb3abbfb89ba62ce.jar /home/martin-yeh/AndroidStudioProjects/ChurchStat/app/build/intermediates/exploded-aar/com.google.android.gms/play-services/4.2.42/classes.jar
Launcher Type: SUN_STANDARD

Environment Variables:
JAVA_HOME=/usr/local/java/jdk1.7.0_67
CLASSPATH=/home/martin-yeh/android/android-studio/bin/../lib/bootstrap.jar:/home/martin-yeh/android/android-studio/bin/../lib/extensions.jar:/home/martin-yeh/android/android-studio/bin/../lib/util.jar:/home/martin-yeh/android/android-studio/bin/../lib/jdom.jar:/home/martin-yeh/android/android-studio/bin/../lib/log4j.jar:/home/martin-yeh/android/android-studio/bin/../lib/trove4j.jar:/home/martin-yeh/android/android-studio/bin/../lib/jna.jar:/usr/local/java/jdk1.7.0_67/lib/tools.jar
PATH=/home/martin-yeh/google-cloud-sdk/bin:/home/martin-yeh/android/android-studio/bin:/home/martin-yeh/android/sdks/android-sdk-linux/platform-tools:/home/martin-yeh/android/sdks/android-sdk-linux/tools:/home/martin-yeh/gradle-2.0/bin:/home/martin-yeh/workspace/go/bin:/home/martin-yeh/gradle-2.0/bin:/home/martin-yeh/workspace/go/bin:/usr/lib/lightdm/lightdm:/usr/local/sbin:/usr/local/bin:/usr/sbin:/usr/bin:/sbin:/bin:/usr/games:/usr/local/go/bin:/home/martin-yeh/git/arcanist/bin:/home/martin-yeh/bin:/usr/local/java/jdk1.7.0_67/bin:/usr/local/go/bin:/home/martin-yeh/git/arcanist/bin:/home/martin-yeh/bin:/usr/local/java/jdk1.7.0_67/bin:/usr/local/share/scala/bin
LD_LIBRARY_PATH=/usr/lib/jvm/java-6-openjdk-amd64/jre/lib/amd64/server:/usr/lib/jvm/java-6-openjdk-amd64/jre/lib/amd64:/usr/lib/jvm/java-6-openjdk-amd64/jre/../lib/amd64:/home/martin-yeh/android/android-studio/bin:
SHELL=/bin/bash
DISPLAY=:0

Signal Handlers:
SIGSEGV: [libjvm.so+0x83d2c0], sa_mask[0]=0x7ffbfeff, sa_flags=0x10000004
SIGBUS: [libjvm.so+0x83d2c0], sa_mask[0]=0x7ffbfeff, sa_flags=0x10000004
SIGFPE: [libjvm.so+0x6ddeb0], sa_mask[0]=0x7ffbfeff, sa_flags=0x10000004
SIGPIPE: [libjvm.so+0x6ddeb0], sa_mask[0]=0x7ffbfeff, sa_flags=0x10000004
SIGXFSZ: [libjvm.so+0x6ddeb0], sa_mask[0]=0x7ffbfeff, sa_flags=0x10000004
SIGILL: [libjvm.so+0x6ddeb0], sa_mask[0]=0x7ffbfeff, sa_flags=0x10000004
SIGUSR1: SIG_DFL, sa_mask[0]=0x00000000, sa_flags=0x00000000
SIGUSR2: [libjvm.so+0x6de2f0], sa_mask[0]=0x00000004, sa_flags=0x10000004
SIGHUP: [libjvm.so+0x6de430], sa_mask[0]=0x7ffbfeff, sa_flags=0x10000004
SIGINT: [libjvm.so+0x6de430], sa_mask[0]=0x7ffbfeff, sa_flags=0x10000004
SIGTERM: [libjvm.so+0x6de430], sa_mask[0]=0x7ffbfeff, sa_flags=0x10000004
SIGQUIT: [libjvm.so+0x6de430], sa_mask[0]=0x7ffbfeff, sa_flags=0x10000004


---------------  S Y S T E M  ---------------

OS:Ubuntu 12.04 (precise)
uname:Linux 3.2.0-68-generic #102-Ubuntu SMP Tue Aug 12 22:02:15 UTC 2014 x86_64
libc:glibc 2.15 NPTL 2.15 
rlimit: STACK 8192k, CORE 0k, NPROC 63409, NOFILE 4096, AS infinity
load average:4.53 2.33 1.82

/proc/meminfo:
MemTotal:        8134216 kB
MemFree:          131332 kB
Buffers:          101028 kB
Cached:           878380 kB
SwapCached:        21444 kB
Active:          5951004 kB
Inactive:        1437736 kB
Active(anon):    5500944 kB
Inactive(anon):   986628 kB
Active(file):     450060 kB
Inactive(file):   451108 kB
Unevictable:         108 kB
Mlocked:             108 kB
SwapTotal:       8342524 kB
SwapFree:        8255876 kB
Dirty:              8768 kB
Writeback:          1536 kB
AnonPages:       6391112 kB
Mapped:           370856 kB
Shmem:             78608 kB
Slab:             212716 kB
SReclaimable:     166828 kB
SUnreclaim:        45888 kB
KernelStack:        8216 kB
PageTables:        67836 kB
NFS_Unstable:          0 kB
Bounce:                0 kB
WritebackTmp:          0 kB
CommitLimit:    12409632 kB
Committed_AS:   13392912 kB
VmallocTotal:   34359738367 kB
VmallocUsed:      299396 kB
VmallocChunk:   34359436404 kB
HardwareCorrupted:     0 kB
AnonHugePages:         0 kB
HugePages_Total:       0
HugePages_Free:        0
HugePages_Rsvd:        0
HugePages_Surp:        0
Hugepagesize:       2048 kB
DirectMap4k:      819200 kB
DirectMap2M:     7528448 kB


CPU:total 4 (2 cores per cpu, 2 threads per core) family 6 model 42 stepping 7, cmov, cx8, fxsr, mmx, sse, sse2, sse3, ssse3, sse4.1, sse4.2, popcnt, avx, ht, tsc, tscinvbit

/proc/cpuinfo:
processor	: 0
vendor_id	: GenuineIntel
cpu family	: 6
model		: 42
model name	: Intel(R) Core(TM) i7-2620M CPU @ 2.70GHz
stepping	: 7
microcode	: 0x25
cpu MHz		: 2701.000
cache size	: 4096 KB
physical id	: 0
siblings	: 4
core id		: 0
cpu cores	: 2
apicid		: 0
initial apicid	: 0
fpu		: yes
fpu_exception	: yes
cpuid level	: 13
wp		: yes
flags		: fpu vme de pse tsc msr pae mce cx8 apic sep mtrr pge mca cmov pat pse36 clflush dts acpi mmx fxsr sse sse2 ss ht tm pbe syscall nx rdtscp lm constant_tsc arch_perfmon pebs bts rep_good nopl xtopology nonstop_tsc aperfmperf pni pclmulqdq dtes64 monitor ds_cpl vmx smx est tm2 ssse3 cx16 xtpr pdcm pcid sse4_1 sse4_2 x2apic popcnt tsc_deadline_timer aes xsave avx lahf_lm ida arat epb xsaveopt pln pts dtherm tpr_shadow vnmi flexpriority ept vpid
bogomips	: 5387.55
clflush size	: 64
cache_alignment	: 64
address sizes	: 36 bits physical, 48 bits virtual
power management:

processor	: 1
vendor_id	: GenuineIntel
cpu family	: 6
model		: 42
model name	: Intel(R) Core(TM) i7-2620M CPU @ 2.70GHz
stepping	: 7
microcode	: 0x25
cpu MHz		: 800.000
cache size	: 4096 KB
physical id	: 0
siblings	: 4
core id		: 1
cpu cores	: 2
apicid		: 2
initial apicid	: 2
fpu		: yes
fpu_exception	: yes
cpuid level	: 13
wp		: yes
flags		: fpu vme de pse tsc msr pae mce cx8 apic sep mtrr pge mca cmov pat pse36 clflush dts acpi mmx fxsr sse sse2 ss ht tm pbe syscall nx rdtscp lm constant_tsc arch_perfmon pebs bts rep_good nopl xtopology nonstop_tsc aperfmperf pni pclmulqdq dtes64 monitor ds_cpl vmx smx est tm2 ssse3 cx16 xtpr pdcm pcid sse4_1 sse4_2 x2apic popcnt tsc_deadline_timer aes xsave avx lahf_lm ida arat epb xsaveopt pln pts dtherm tpr_shadow vnmi flexpriority ept vpid
bogomips	: 5387.51
clflush size	: 64
cache_alignment	: 64
address sizes	: 36 bits physical, 48 bits virtual
power management:

processor	: 2
vendor_id	: GenuineIntel
cpu family	: 6
model		: 42
model name	: Intel(R) Core(TM) i7-2620M CPU @ 2.70GHz
stepping	: 7
microcode	: 0x25
cpu MHz		: 2701.000
cache size	: 4096 KB
physical id	: 0
siblings	: 4
core id		: 0
cpu cores	: 2
apicid		: 1
initial apicid	: 1
fpu		: yes
fpu_exception	: yes
cpuid level	: 13
wp		: yes
flags		: fpu vme de pse tsc msr pae mce cx8 apic sep mtrr pge mca cmov pat pse36 clflush dts acpi mmx fxsr sse sse2 ss ht tm pbe syscall nx rdtscp lm constant_tsc arch_perfmon pebs bts rep_good nopl xtopology nonstop_tsc aperfmperf pni pclmulqdq dtes64 monitor ds_cpl vmx smx est tm2 ssse3 cx16 xtpr pdcm pcid sse4_1 sse4_2 x2apic popcnt tsc_deadline_timer aes xsave avx lahf_lm ida arat epb xsaveopt pln pts dtherm tpr_shadow vnmi flexpriority ept vpid
bogomips	: 5387.50
clflush size	: 64
cache_alignment	: 64
address sizes	: 36 bits physical, 48 bits virtual
power management:

processor	: 3
vendor_id	: GenuineIntel
cpu family	: 6
model		: 42
model name	: Intel(R) Core(TM) i7-2620M CPU @ 2.70GHz
stepping	: 7
microcode	: 0x25
cpu MHz		: 800.000
cache size	: 4096 KB
physical id	: 0
siblings	: 4
core id		: 1
cpu cores	: 2
apicid		: 3
initial apicid	: 3
fpu		: yes
fpu_exception	: yes
cpuid level	: 13
wp		: yes
flags		: fpu vme de pse tsc msr pae mce cx8 apic sep mtrr pge mca cmov pat pse36 clflush dts acpi mmx fxsr sse sse2 ss ht tm pbe syscall nx rdtscp lm constant_tsc arch_perfmon pebs bts rep_good nopl xtopology nonstop_tsc aperfmperf pni pclmulqdq dtes64 monitor ds_cpl vmx smx est tm2 ssse3 cx16 xtpr pdcm pcid sse4_1 sse4_2 x2apic popcnt tsc_deadline_timer aes xsave avx lahf_lm ida arat epb xsaveopt pln pts dtherm tpr_shadow vnmi flexpriority ept vpid
bogomips	: 5387.53
clflush size	: 64
cache_alignment	: 64
address sizes	: 36 bits physical, 48 bits virtual
power management:



Memory: 4k page, physical 8134216k(131332k free), swap 8342524k(8255868k free)

vm_info: OpenJDK 64-Bit Server VM (23.25-b01) for linux-amd64 JRE (1.6.0_32-b32), built on Aug  6 2014 17:00:19 by "buildd" with gcc 4.6.3

time: Thu Sep 25 14:47:13 2014
elapsed time: 21 seconds

